mkdir: impossible de créer le répertoire « /home/lidamaha/1-StageM2/9-Nombre_de_copies/PureCN/Pipeline/7-sorties_purecn/D181208 »: Le fichier existe
[1] "/home/lidamaha/1-StageM2/9-Nombre_de_copies/PureCN/Pipeline/7-sorties_purecn/D181208"
INFO [2022-07-16 10:39:51] Loading PureCN 2.0.2...
Message d'avis :
le package ‘matrixStats’ a été compilé avec la version R 4.1.3 
INFO [2022-07-16 10:39:57] Mean coverages: chrX: 294.90, chrY: 277.92, chr1-22: 490.20.
INFO [2022-07-16 10:39:57] Sample sex: M
INFO [2022-07-16 10:39:58] ------------------------------------------------------------
INFO [2022-07-16 10:39:58] PureCN 2.0.2
INFO [2022-07-16 10:39:58] ------------------------------------------------------------
INFO [2022-07-16 10:39:58] Arguments: -tumor.coverage.file /home/lidamaha/1-StageM2/9-Nombre_de_copies/PureCN/Pipeline/2-coverage/b1/D181208_merged_markdup_coverage_loess.txt.gz -log.ratio  -seg.file  -vcf.file /home/lidamaha/1-StageM2/8-Neoantigenes/vcf_filtrE_MAJ/D181208.vcf -genome hg38 -sex ? -args.setPriorVcf 6 -args.setMappingBiasVcf NULL -args.filterIntervals 100,0.05 -args.segmentation 0.005,NULL, -sampleid D181208 -min.ploidy 1.4 -max.ploidy 6 -max.non.clonal 0.2 -max.homozygous.loss 0.05,1e+07 -log.ratio.calibration 0.1 -model.homozygous FALSE -error 0.001 -interval.file /home/lidamaha/1-StageM2/9-Nombre_de_copies/PureCN/Pipeline/1-references/intervals.txt -min.logr.sdev 0.15 -max.segments 300 -plot.cnv TRUE -vcf.field.prefix PureCN. -cosmic.vcf.file  -DB.info.flag DB -POPAF.info.field POP_AF -Cosmic.CNT.info.field Cosmic.CNT -model beta -post.optimize FALSE -BPPARAM  -log.file /home/lidamaha/1-StageM2/9-Nombre_de_copies/PureCN/Pipeline/7-sorties_purecn/D181208/D181208.log -normal.coverage.file <data> -normalDB <data> -args.filterVcf <data> -fun.segmentation <data> -test.num.copy <data> -test.purity <data> -speedup.heuristics <data>
INFO [2022-07-16 10:39:58] Loading coverage files...
INFO [2022-07-16 10:40:02] Mean target coverages: 504X (tumor) 508X (normal).
INFO [2022-07-16 10:40:04] Mean coverages: chrX: 294.90, chrY: 277.92, chr1-22: 490.20.
INFO [2022-07-16 10:40:04] Mean coverages: chrX: 303.19, chrY: 275.01, chr1-22: 496.62.
INFO [2022-07-16 10:40:16] Removing 504 intervals with missing log.ratio.
INFO [2022-07-16 10:40:16] Removing 51 low/high GC targets.
INFO [2022-07-16 10:40:16] Removing 8791 intervals excluded in normalDB.
INFO [2022-07-16 10:40:16] normalDB provided. Setting minimum coverage for segmentation to 0.0015X.
INFO [2022-07-16 10:40:17] Removing 20 low count (< 100 total reads) intervals.
INFO [2022-07-16 10:40:17] Removing 8688 low coverage (< 0.0015X) intervals.
WARN [2022-07-16 10:40:17] Low number of off-target intervals. You might want to exclude them (209958 on-target, 19346 off-target, ratio 0.08).
INFO [2022-07-16 10:40:17] Using 229304 intervals (209958 on-target, 19346 off-target).
INFO [2022-07-16 10:40:17] Ratio of mean on-target vs. off-target read counts: 0.27
INFO [2022-07-16 10:40:17] Mean off-target bin size: 102079
INFO [2022-07-16 10:40:17] AT/GC dropout: 1.01 (tumor), 1.01 (normal), 1.00 (coverage log-ratio). 
INFO [2022-07-16 10:40:17] Loading VCF...
INFO [2022-07-16 10:40:18] Found 2571 variants in VCF file.
FATAL [2022-07-16 10:40:18] vcf.file has no %s or %s info field for membership in germline 

FATAL [2022-07-16 10:40:18] databases.DBPOP_AF 

FATAL [2022-07-16 10:40:18]  

FATAL [2022-07-16 10:40:18] This is most likely a user error due to invalid input data or 

FATAL [2022-07-16 10:40:18] parameters (PureCN 2.0.2). 

Erreur : vcf.file has no %s or %s info field for membership in germline
databases.DBPOP_AF

This is most likely a user error due to invalid input data or
parameters (PureCN 2.0.2).
Exécution arrêtée
